::1 - POST /auth HTTP/1.1 404 144 - 1.536 ms
::1 - POST /auth/index.js HTTP/1.1 404 153 - 1.587 ms
::1 - POST /auth HTTP/1.1 404 144 - 1.609 ms
::1 - POST /api/auth HTTP/1.1 404 148 - 1.204 ms
::1 - POST /index/api/auth HTTP/1.1 404 154 - 1.019 ms
::1 - POST /index.js/api/auth HTTP/1.1 404 157 - 0.672 ms
::1 - POST /api/auth/ HTTP/1.1 404 149 - 0.936 ms
::1 - POST /api HTTP/1.1 404 143 - 3.878 ms
::1 - POST /auth/api HTTP/1.1 404 148 - 1.460 ms
::1 - POST /auth/ HTTP/1.1 404 145 - 0.447 ms
::1 - POST /auth HTTP/1.1 404 144 - 0.224 ms
::1 - POST /api HTTP/1.1 404 143 - 0.189 ms
::1 - POST /auth/kkk HTTP/1.1 404 148 - 0.148 ms
::1 - POST /kkk HTTP/1.1 404 143 - 0.154 ms
::1 - POST /api/auth/kkk HTTP/1.1 404 152 - 0.578 ms
::1 - POST /auth/kkk HTTP/1.1 404 148 - 0.518 ms
::1 - POST /api HTTP/1.1 404 143 - 2.660 ms
::1 - POST /api HTTP/1.1 404 143 - 1.006 ms
::1 - POST /auth HTTP/1.1 404 144 - 1.830 ms
::1 - POST /first HTTP/1.1 404 145 - 2.859 ms
::1 - POST /first/subFirst HTTP/1.1 404 154 - 0.811 ms
::1 - POST /first/subFirst HTTP/1.1 404 154 - 0.345 ms
::1 - POST /first HTTP/1.1 404 145 - 0.207 ms
::1 - POST /auth/abc HTTP/1.1 404 148 - 1.774 ms
::1 - POST /auth/abc HTTP/1.1 404 148 - 1.437 ms
::1 - POST /api/auth/abc HTTP/1.1 404 152 - 1.931 ms
::1 - POST /api/auth HTTP/1.1 404 148 - 0.846 ms
::1 - POST /api/ HTTP/1.1 404 144 - 0.223 ms
::1 - POST /api HTTP/1.1 404 143 - 0.141 ms
